c:\users\purushot\source\repos\dsalgoprep\dsalgoprep\debug\dsalgoprep.pch
c:\users\purushot\source\repos\dsalgoprep\dsalgoprep\debug\vc141.pdb
c:\users\purushot\source\repos\dsalgoprep\dsalgoprep\debug\vc141.idb
c:\users\purushot\source\repos\dsalgoprep\dsalgoprep\debug\pch.obj
c:\users\purushot\source\repos\dsalgoprep\dsalgoprep\debug\traprainwater.obj
c:\users\purushot\source\repos\dsalgoprep\dsalgoprep\debug\rivers.obj
c:\users\purushot\source\repos\dsalgoprep\dsalgoprep\debug\removeduplicatesll.obj
c:\users\purushot\source\repos\dsalgoprep\dsalgoprep\debug\maxprofitktransactions.obj
c:\users\purushot\source\repos\dsalgoprep\dsalgoprep\debug\maxpointline.obj
c:\users\purushot\source\repos\dsalgoprep\dsalgoprep\debug\linkedlistcycledetection.obj
c:\users\purushot\source\repos\dsalgoprep\dsalgoprep\debug\largestrange.obj
c:\users\purushot\source\repos\dsalgoprep\dsalgoprep\debug\dsalgoprep.obj
c:\users\purushot\source\repos\dsalgoprep\dsalgoprep\debug\bitset.obj
c:\users\purushot\source\repos\dsalgoprep\dsalgoprep\debug\balancingparanthesis.obj
c:\users\purushot\source\repos\dsalgoprep\debug\dsalgoprep.ilk
c:\users\purushot\source\repos\dsalgoprep\debug\dsalgoprep.exe
c:\users\purushot\source\repos\dsalgoprep\debug\dsalgoprep.pdb
c:\users\purushot\source\repos\dsalgoprep\dsalgoprep\debug\dsalgoprep.tlog\cl.command.1.tlog
c:\users\purushot\source\repos\dsalgoprep\dsalgoprep\debug\dsalgoprep.tlog\cl.read.1.tlog
c:\users\purushot\source\repos\dsalgoprep\dsalgoprep\debug\dsalgoprep.tlog\cl.write.1.tlog
c:\users\purushot\source\repos\dsalgoprep\dsalgoprep\debug\dsalgoprep.tlog\link.command.1.tlog
c:\users\purushot\source\repos\dsalgoprep\dsalgoprep\debug\dsalgoprep.tlog\link.read.1.tlog
c:\users\purushot\source\repos\dsalgoprep\dsalgoprep\debug\dsalgoprep.tlog\link.write.1.tlog
